Build started 02/03/2017 06:36:37 ق.ظ.
     1>Project "F:\GameDevelopment\irrlicht-1.8\irrlicht-1.8\TourajGameTests\TemplePixelMapping\TemplePixelMapping\TemplePixelMapping.vcxproj" on node 2 (Rebuild target(s)).
     1>ClCompile:
         C:\Program Files (x86)\Microsoft Visual Studio 11.0\VC\bin\CL.exe /c /ZI /nologo /W3 /WX- /Od /Oy- /D _MBCS /Gm /EHsc /RTC1 /MDd /GS /fp:precise /Zc:wchar_t /Zc:forScope /Fo"Debug\\" /Fd"Debug\vc110.pdb" /Gd /TP /analyze- /errorReport:prompt Main.cpp Extras\Tools.cpp MyEventReceiver.cpp
         MyEventReceiver.cpp
         Tools.cpp
         Main.cpp
     1>f:\gamedevelopment\irrlicht-1.8\irrlicht-1.8\tourajgametests\templepixelmapping\templepixelmapping\main.cpp(44): warning C4101: 'Rconsts' : unreferenced local variable
         Generating Code...
       ResourceCompile:
         C:\Program Files (x86)\Windows Kits\8.0\bin\x86\rc.exe /l"0x0409" /nologo /fo"Debug\TemplePixelMapping.res" TemplePixelMapping.rc 
       Link:
         C:\Program Files (x86)\Microsoft Visual Studio 11.0\VC\bin\link.exe /ERRORREPORT:PROMPT /OUT:"F:\GameDevelopment\irrlicht-1.8\irrlicht-1.8\TourajGameTests\TemplePixelMapping\Debug\TemplePixelMapping.exe" /INCREMENTAL /NOLOGO kernel32.lib user32.lib gdi32.lib winspool.lib comdlg32.lib advapi32.lib shell32.lib ole32.lib oleaut32.lib uuid.lib odbc32.lib odbccp32.lib /MANIFEST /MANIFESTUAC:"level='asInvoker' uiAccess='false'" /manifest:embed /DEBUG /PDB:"F:\GameDevelopment\irrlicht-1.8\irrlicht-1.8\TourajGameTests\TemplePixelMapping\Debug\TemplePixelMapping.pdb" /TLBID:1 /DYNAMICBASE /NXCOMPAT /IMPLIB:"F:\GameDevelopment\irrlicht-1.8\irrlicht-1.8\TourajGameTests\TemplePixelMapping\Debug\TemplePixelMapping.lib" /MACHINE:X86 Debug\TemplePixelMapping.res
         Debug\Main.obj
         Debug\Tools.obj
         Debug\MyEventReceiver.obj
         TemplePixelMapping.vcxproj -> F:\GameDevelopment\irrlicht-1.8\irrlicht-1.8\TourajGameTests\TemplePixelMapping\Debug\TemplePixelMapping.exe
     1>Done Building Project "F:\GameDevelopment\irrlicht-1.8\irrlicht-1.8\TourajGameTests\TemplePixelMapping\TemplePixelMapping\TemplePixelMapping.vcxproj" (Rebuild target(s)).

Build succeeded.

Time Elapsed 00:00:04.04
